2020-07-30 16:53:10.377  INFO 12556 --- [Thread-1032] o.s.s.concurrent.ThreadPoolTaskExecutor  : Shutting down ExecutorService 'applicationTaskExecutor'
2020-07-30 16:53:10.377  INFO 12556 --- [Thread-1032] com.zaxxer.hikari.HikariDataSource       : HikariPool-6 - Shutdown initiated...
2020-07-30 16:53:10.381  INFO 12556 --- [Thread-1032] com.zaxxer.hikari.HikariDataSource       : HikariPool-6 - Shutdown completed.
2020-07-30 16:53:10.544  INFO 12556 --- [restartedMain] com.example.demo.ActualspotApplication   : Starting ActualspotApplication on WIN-OK2UGJU1DBG with PID 12556 (C:\SpringToolSuite\actualspot\bin\main started by PC-20190423-1 in C:\SpringToolSuite\actualspot)
2020-07-30 16:53:10.544 DEBUG 12556 --- [restartedMain] com.example.demo.ActualspotApplication   : Running with Spring Boot v2.3.1.RELEASE, Spring v5.2.7.RELEASE
2020-07-30 16:53:10.544  INFO 12556 --- [restartedMain] com.example.demo.ActualspotApplication   : The following profiles are active: local
2020-07-30 16:53:12.069  INFO 12556 --- [restartedMain] trationDelegate$BeanPostProcessorChecker : Bean 'org.springframework.ws.config.annotation.DelegatingWsConfiguration' of type [org.springframework.ws.config.annotation.DelegatingWsConfiguration$$EnhancerBySpringCGLIB$$37cb68c6] is not eligible for getting processed by all BeanPostProcessors (for example: not eligible for auto-proxying)
2020-07-30 16:53:12.070  INFO 12556 --- [restartedMain] .w.s.a.s.AnnotationActionEndpointMapping : Supporting [WS-Addressing August 2004, WS-Addressing 1.0]
2020-07-30 16:53:12.113  INFO 12556 --- [restartedMain] o.s.b.w.embedded.tomcat.TomcatWebServer  : Tomcat initialized with port(s): 8080 (http)
2020-07-30 16:53:12.114  INFO 12556 --- [restartedMain] o.apache.catalina.core.StandardService   : Starting service [Tomcat]
2020-07-30 16:53:12.114  INFO 12556 --- [restartedMain] org.apache.catalina.core.StandardEngine  : Starting Servlet engine: [Apache Tomcat/9.0.36]
2020-07-30 16:53:12.145  INFO 12556 --- [restartedMain] o.a.c.c.C.[Tomcat-1].[localhost].[/]     : Initializing Spring embedded WebApplicationContext
2020-07-30 16:53:12.145  INFO 12556 --- [restartedMain] w.s.c.ServletWebServerApplicationContext : Root WebApplicationContext: initialization completed in 1599 ms
2020-07-30 16:53:12.161  INFO 12556 --- [restartedMain] com.zaxxer.hikari.HikariDataSource       : HikariPool-7 - Starting...
2020-07-30 16:53:12.164  INFO 12556 --- [restartedMain] com.zaxxer.hikari.HikariDataSource       : HikariPool-7 - Start completed.
2020-07-30 16:53:12.164  INFO 12556 --- [restartedMain] o.s.b.a.h2.H2ConsoleAutoConfiguration    : H2 console available at '/h2-console'. Database available at 'jdbc:mysql://localhost:3306/actualboot?serverTimezone=JST&useSSL=false'
2020-07-30 16:53:12.296  INFO 12556 --- [restartedMain] o.s.s.concurrent.ThreadPoolTaskExecutor  : Initializing ExecutorService 'applicationTaskExecutor'
2020-07-30 16:53:12.697  INFO 12556 --- [restartedMain] o.f.c.internal.database.DatabaseFactory  : Database: jdbc:mysql://localhost:3306/actualboot (MySQL 8.0)
2020-07-30 16:53:12.709  INFO 12556 --- [restartedMain] o.f.core.internal.command.DbValidate     : Successfully validated 3 migrations (execution time 00:00.006s)
2020-07-30 16:53:12.713  INFO 12556 --- [restartedMain] o.f.core.internal.command.DbMigrate      : Current version of schema `actualboot`: null
2020-07-30 16:53:12.713  INFO 12556 --- [restartedMain] o.f.core.internal.command.DbMigrate      : Schema `actualboot` is up to date. No migration necessary.
2020-07-30 16:53:12.782  INFO 12556 --- [restartedMain] o.s.b.d.a.OptionalLiveReloadServer       : LiveReload server is running on port 35729
2020-07-30 16:53:12.794  INFO 12556 --- [restartedMain] o.s.b.w.embedded.tomcat.TomcatWebServer  : Tomcat started on port(s): 8080 (http) with context path ''
2020-07-30 16:53:12.797  INFO 12556 --- [restartedMain] com.example.demo.ActualspotApplication   : Started ActualspotApplication in 2.366 seconds (JVM running for 3528.193)
2020-07-30 16:53:12.798  INFO 12556 --- [restartedMain] .ConditionEvaluationDeltaLoggingListener : Condition evaluation unchanged
